<?xml version="1.0" encoding="UTF-8"?>
<!-- Generated by org.testng.reporters.JUnitXMLReporter -->
<testsuite hostname="ramasesha-lt001" ignored="0" name="Test" tests="3" failures="0" timestamp="11 Nov 2018 06:26:31 GMT" time="4.143" errors="0">
  <testcase name="testStatusCode" time="2.865" classname="com.assurity.rest.test.App"/>
  <testcase name="testStatusCodeRestAssured" time="0.782" classname="com.assurity.rest.test.App"/>
  <testcase name="shouldAnswerWithTrue" time="0.009" classname="com.assurity.rest.test.AppTest"/>
</testsuite> <!-- Test -->
