<?xml version="1.0" encoding="UTF-8"?>
<!-- Generated by org.testng.reporters.JUnitXMLReporter -->
<testsuite hostname="ramasesha-lt001" ignored="0" name="Default test" tests="3" failures="0" timestamp="14 Nov 2018 09:26:53 GMT" time="3.655" errors="0">
  <testcase name="testCanRelist" time="2.584" classname="com.assurity.rest.test.AssurityApiTest"/>
  <testcase name="testCategoryId" time="0.34" classname="com.assurity.rest.test.AssurityApiTest"/>
  <testcase name="testIfNameisGalleryAndCheckDescription" time="0.356" classname="com.assurity.rest.test.AssurityApiTest"/>
</testsuite> <!-- Default test -->
