<?xml version="1.0" encoding="UTF-8"?>
<!-- Generated by org.testng.reporters.JUnitXMLReporter -->
<testsuite hostname="ramasesha-lt001" ignored="0" name="Default test" tests="3" failures="0" timestamp="15 Nov 2018 08:34:31 GMT" time="3.122" errors="0">
  <testcase name="testCanRelist" time="2.004" classname="com.assurity.rest.test.AssurityApiTest"/>
  <testcase name="testCategoryId" time="0.426" classname="com.assurity.rest.test.AssurityApiTest"/>
  <testcase name="testPromotionNameAndCheckDescription" time="0.394" classname="com.assurity.rest.test.AssurityApiTest"/>
</testsuite> <!-- Default test -->
