<?xml version="1.0" encoding="UTF-8"?>
<testng-results skipped="0" failed="0" ignored="0" total="3" passed="3">
  <reporter-output>
    <line>
      <![CDATA[PASSED: truehas been extracted successfully ]]>
    </line>
    <line>
      <![CDATA[PASSED: Carbon creditshas been extracted successfully ]]>
    </line>
    <line>
      <![CDATA[PASSED:The Promotions element with Name = "Gallery" has a Description that contains the text  "2x larger image"]]>
    </line>
  </reporter-output>
  <suite name="Default suite" duration-ms="3655" started-at="2018-11-14T09:26:49Z" finished-at="2018-11-14T09:26:53Z">
    <groups>
    </groups>
    <test name="Default test" duration-ms="3655" started-at="2018-11-14T09:26:49Z" finished-at="2018-11-14T09:26:53Z">
      <class name="com.assurity.rest.test.AssurityApiTest">
        <test-method status="PASS" signature="setBaseUri()[pri:0, instance:com.assurity.rest.test.AssurityApiTest@14acaea5]" name="setBaseUri" is-config="true" duration-ms="342" started-at="2018-11-14T09:26:49Z" finished-at="2018-11-14T09:26:49Z">
          <reporter-output>
          </reporter-output>
        </test-method> <!-- setBaseUri -->
        <test-method status="PASS" signature="testCanRelist()[pri:0, instance:com.assurity.rest.test.AssurityApiTest@14acaea5]" name="testCanRelist" duration-ms="2584" started-at="2018-11-14T09:26:49Z" finished-at="2018-11-14T09:26:52Z">
          <reporter-output>
            <line>
              <![CDATA[PASSED: truehas been extracted successfully ]]>
            </line>
          </reporter-output>
        </test-method> <!-- testCanRelist -->
        <test-method status="PASS" signature="testCategoryId()[pri:0, instance:com.assurity.rest.test.AssurityApiTest@14acaea5]" name="testCategoryId" duration-ms="340" started-at="2018-11-14T09:26:52Z" description="Extract the name and assert if response is equal to Carbon Credits" finished-at="2018-11-14T09:26:52Z">
          <reporter-output>
            <line>
              <![CDATA[PASSED: Carbon creditshas been extracted successfully ]]>
            </line>
          </reporter-output>
        </test-method> <!-- testCategoryId -->
        <test-method status="PASS" signature="testIfNameisGalleryAndCheckDescription()[pri:0, instance:com.assurity.rest.test.AssurityApiTest@14acaea5]" name="testIfNameisGalleryAndCheckDescription" duration-ms="356" started-at="2018-11-14T09:26:52Z" finished-at="2018-11-14T09:26:53Z">
          <reporter-output>
            <line>
              <![CDATA[PASSED:The Promotions element with Name = "Gallery" has a Description that contains the text  "2x larger image"]]>
            </line>
          </reporter-output>
        </test-method> <!-- testIfNameisGalleryAndCheckDescription -->
      </class> <!-- com.assurity.rest.test.AssurityApiTest -->
    </test> <!-- Default test -->
  </suite> <!-- Default suite -->
</testng-results>
