<?xml version="1.0" encoding="UTF-8"?>
<testng-results skipped="0" failed="0" ignored="0" total="3" passed="3">
  <reporter-output>
    <line>
      <![CDATA[PASSED: CanRelist = true has been extracted successfully ]]>
    </line>
    <line>
      <![CDATA[PASSED: Name =  Carbon credits has been extracted successfully ]]>
    </line>
    <line>
      <![CDATA[PASSED:The Promotions element with Name = "Gallery" and the Description that contains the text  "2x larger image"]]>
    </line>
  </reporter-output>
  <suite name="Default suite" duration-ms="3122" started-at="2018-11-15T08:34:28Z" finished-at="2018-11-15T08:34:31Z">
    <groups>
    </groups>
    <test name="Default test" duration-ms="3122" started-at="2018-11-15T08:34:28Z" finished-at="2018-11-15T08:34:31Z">
      <class name="com.assurity.rest.test.AssurityApiTest">
        <test-method status="PASS" signature="setBaseUri()[pri:0, instance:com.assurity.rest.test.AssurityApiTest@14acaea5]" name="setBaseUri" is-config="true" duration-ms="275" started-at="2018-11-15T08:34:28Z" finished-at="2018-11-15T08:34:28Z">
          <reporter-output>
          </reporter-output>
        </test-method> <!-- setBaseUri -->
        <test-method status="PASS" signature="testCanRelist()[pri:0, instance:com.assurity.rest.test.AssurityApiTest@14acaea5]" name="testCanRelist" duration-ms="2004" started-at="2018-11-15T08:34:28Z" description="Extract the value of canRelist and assert if response is equal to value of Input data" finished-at="2018-11-15T08:34:30Z">
          <reporter-output>
            <line>
              <![CDATA[PASSED: CanRelist = true has been extracted successfully ]]>
            </line>
          </reporter-output>
        </test-method> <!-- testCanRelist -->
        <test-method status="PASS" signature="testCategoryId()[pri:0, instance:com.assurity.rest.test.AssurityApiTest@14acaea5]" name="testCategoryId" duration-ms="426" started-at="2018-11-15T08:34:30Z" description="Extract the name and assert if response is equal to value of data input" finished-at="2018-11-15T08:34:30Z">
          <reporter-output>
            <line>
              <![CDATA[PASSED: Name =  Carbon credits has been extracted successfully ]]>
            </line>
          </reporter-output>
        </test-method> <!-- testCategoryId -->
        <test-method status="PASS" signature="testPromotionNameAndCheckDescription()[pri:0, instance:com.assurity.rest.test.AssurityApiTest@14acaea5]" name="testPromotionNameAndCheckDescription" duration-ms="394" started-at="2018-11-15T08:34:30Z" description="Extract name of promotion and image size" finished-at="2018-11-15T08:34:31Z">
          <reporter-output>
            <line>
              <![CDATA[PASSED:The Promotions element with Name = "Gallery" and the Description that contains the text  "2x larger image"]]>
            </line>
          </reporter-output>
        </test-method> <!-- testPromotionNameAndCheckDescription -->
      </class> <!-- com.assurity.rest.test.AssurityApiTest -->
    </test> <!-- Default test -->
  </suite> <!-- Default suite -->
</testng-results>
